{"timestamp": "2025-10-17T03:51:56.048474+00:00", "level": "INFO", "module": "auth", "function": "register", "line": 33, "message": "User registered: inactiveadmin@example.com"}
{"timestamp": "2025-10-17T03:59:33.013889+00:00", "level": "INFO", "module": "auth", "function": "register", "line": 33, "message": "User registered: inactiveadmin@example.com"}
{"timestamp": "2025-10-17T04:08:08.722983+00:00", "level": "INFO", "module": "auth", "function": "register", "line": 33, "message": "User registered: inactiveadmin@example.com"}
{"timestamp": "2025-10-17T05:33:24.573906+00:00", "level": "INFO", "module": "auth", "function": "register", "line": 33, "message": "User registered: inactiveadmin@example.com"}
{"timestamp": "2025-10-17T15:14:14.000175+00:00", "level": "INFO", "module": "auth", "function": "register", "line": 33, "message": "User registered: newuser@example.com"}
{"timestamp": "2025-10-17T15:14:14.928434+00:00", "level": "INFO", "module": "auth", "function": "register", "line": 33, "message": "User registered: duplicate@example.com"}
{"timestamp": "2025-10-17T15:14:14.935045+00:00", "level": "INFO", "module": "auth", "function": "register", "line": 17, "message": "Attempt to register existing email: duplicate@example.com"}
{"timestamp": "2025-10-17T15:14:15.851492+00:00", "level": "INFO", "module": "auth", "function": "register", "line": 33, "message": "User registered: loginuser@example.com"}
{"timestamp": "2025-10-17T15:14:15.911197+00:00", "level": "INFO", "module": "auth", "function": "login", "line": 52, "message": "User logged in: loginuser@example.com"}
{"timestamp": "2025-10-17T15:14:16.638398+00:00", "level": "WARNING", "module": "auth", "function": "login", "line": 48, "message": "Login failed for nonexistent@example.com"}
{"timestamp": "2025-10-17T15:14:18.223233+00:00", "level": "INFO", "module": "auth", "function": "register", "line": 33, "message": "User registered: adminuser@example.com"}
{"timestamp": "2025-10-17T15:16:50.271725+00:00", "level": "INFO", "module": "auth", "function": "register", "line": 33, "message": "User registered: newuser@example.com"}
{"timestamp": "2025-10-17T15:16:51.123628+00:00", "level": "INFO", "module": "auth", "function": "register", "line": 33, "message": "User registered: duplicate@example.com"}
{"timestamp": "2025-10-17T15:16:51.129008+00:00", "level": "INFO", "module": "auth", "function": "register", "line": 17, "message": "Attempt to register existing email: duplicate@example.com"}
{"timestamp": "2025-10-17T15:16:52.003610+00:00", "level": "INFO", "module": "auth", "function": "register", "line": 33, "message": "User registered: loginuser@example.com"}
{"timestamp": "2025-10-17T15:16:52.063746+00:00", "level": "INFO", "module": "auth", "function": "login", "line": 52, "message": "User logged in: loginuser@example.com"}
{"timestamp": "2025-10-17T15:16:52.797801+00:00", "level": "WARNING", "module": "auth", "function": "login", "line": 48, "message": "Login failed for nonexistent@example.com"}
{"timestamp": "2025-10-17T15:16:54.329197+00:00", "level": "INFO", "module": "auth", "function": "register", "line": 33, "message": "User registered: adminuser@example.com"}
{"timestamp": "2025-10-17T15:22:15.145053+00:00", "level": "INFO", "module": "auth", "function": "register", "line": 33, "message": "User registered: adminuser@example.com"}
{"timestamp": "2025-10-17T15:28:32.255686+00:00", "level": "INFO", "module": "auth", "function": "register", "line": 33, "message": "User registered: adminuser@example.com"}
{"timestamp": "2025-10-17T15:30:57.398825+00:00", "level": "INFO", "module": "auth", "function": "register", "line": 33, "message": "User registered: newuser@example.com"}
{"timestamp": "2025-10-17T15:30:58.254290+00:00", "level": "INFO", "module": "auth", "function": "register", "line": 33, "message": "User registered: duplicate@example.com"}
{"timestamp": "2025-10-17T15:30:58.259792+00:00", "level": "INFO", "module": "auth", "function": "register", "line": 17, "message": "Attempt to register existing email: duplicate@example.com"}
{"timestamp": "2025-10-17T15:31:04.039920+00:00", "level": "INFO", "module": "auth", "function": "register", "line": 33, "message": "User registered: newuser@example.com"}
{"timestamp": "2025-10-17T15:31:04.901105+00:00", "level": "INFO", "module": "auth", "function": "register", "line": 33, "message": "User registered: duplicate@example.com"}
{"timestamp": "2025-10-17T15:31:04.906229+00:00", "level": "INFO", "module": "auth", "function": "register", "line": 17, "message": "Attempt to register existing email: duplicate@example.com"}
{"timestamp": "2025-10-17T15:31:05.755270+00:00", "level": "INFO", "module": "auth", "function": "register", "line": 33, "message": "User registered: loginuser@example.com"}
{"timestamp": "2025-10-17T15:31:05.817002+00:00", "level": "INFO", "module": "auth", "function": "login", "line": 52, "message": "User logged in: loginuser@example.com"}
{"timestamp": "2025-10-17T15:31:06.541688+00:00", "level": "WARNING", "module": "auth", "function": "login", "line": 48, "message": "Login failed for nonexistent@example.com"}
{"timestamp": "2025-10-17T15:31:08.062177+00:00", "level": "INFO", "module": "auth", "function": "register", "line": 33, "message": "User registered: adminuser@example.com"}
{"timestamp": "2025-10-17T15:38:24.712917+00:00", "level": "INFO", "module": "auth", "function": "register", "line": 33, "message": "User registered: inactiveadmin@example.com"}
{"timestamp": "2025-10-17T16:01:48.486620+00:00", "level": "INFO", "module": "auth", "function": "register", "line": 33, "message": "User registered: newuser@example.com"}
{"timestamp": "2025-10-17T16:01:49.389000+00:00", "level": "INFO", "module": "auth", "function": "register", "line": 33, "message": "User registered: duplicate@example.com"}
{"timestamp": "2025-10-17T16:01:49.394635+00:00", "level": "INFO", "module": "auth", "function": "register", "line": 17, "message": "Attempt to register existing email: duplicate@example.com"}
{"timestamp": "2025-10-17T16:01:50.254157+00:00", "level": "INFO", "module": "auth", "function": "register", "line": 33, "message": "User registered: loginuser@example.com"}
{"timestamp": "2025-10-17T16:01:50.314606+00:00", "level": "INFO", "module": "auth", "function": "login", "line": 52, "message": "User logged in: loginuser@example.com"}
{"timestamp": "2025-10-17T16:01:51.043871+00:00", "level": "WARNING", "module": "auth", "function": "login", "line": 48, "message": "Login failed for nonexistent@example.com"}
{"timestamp": "2025-10-17T16:01:52.584438+00:00", "level": "INFO", "module": "auth", "function": "register", "line": 33, "message": "User registered: adminuser@example.com"}
{"timestamp": "2025-10-17T16:01:53.447148+00:00", "level": "INFO", "module": "auth", "function": "register", "line": 33, "message": "User registered: inactiveadmin@example.com"}
{"timestamp": "2025-10-17T16:17:38.948953+00:00", "level": "INFO", "module": "auth", "function": "register", "line": 33, "message": "User registered: inactiveadmin@example.com"}
{"timestamp": "2025-10-17T16:18:11.121412+00:00", "level": "INFO", "module": "auth", "function": "register", "line": 33, "message": "User registered: inactiveadmin@example.com"}
{"timestamp": "2025-10-17T16:21:03.110125+00:00", "level": "INFO", "module": "auth", "function": "register", "line": 33, "message": "User registered: inactiveadmin@example.com"}
{"timestamp": "2025-10-17T16:23:37.044904+00:00", "level": "INFO", "module": "auth", "function": "register", "line": 33, "message": "User registered: newuser@example.com"}
{"timestamp": "2025-10-17T16:23:37.905071+00:00", "level": "INFO", "module": "auth", "function": "register", "line": 33, "message": "User registered: duplicate@example.com"}
{"timestamp": "2025-10-17T16:23:37.910540+00:00", "level": "INFO", "module": "auth", "function": "register", "line": 17, "message": "Attempt to register existing email: duplicate@example.com"}
{"timestamp": "2025-10-17T16:23:38.791460+00:00", "level": "INFO", "module": "auth", "function": "register", "line": 33, "message": "User registered: loginuser@example.com"}
{"timestamp": "2025-10-17T16:23:38.851300+00:00", "level": "INFO", "module": "auth", "function": "login", "line": 52, "message": "User logged in: loginuser@example.com"}
{"timestamp": "2025-10-17T16:23:39.590779+00:00", "level": "WARNING", "module": "auth", "function": "login", "line": 48, "message": "Login failed for nonexistent@example.com"}
{"timestamp": "2025-10-17T16:23:41.196768+00:00", "level": "INFO", "module": "auth", "function": "register", "line": 33, "message": "User registered: adminuser@example.com"}
{"timestamp": "2025-10-17T16:23:42.069099+00:00", "level": "INFO", "module": "auth", "function": "register", "line": 33, "message": "User registered: inactiveadmin@example.com"}
{"timestamp": "2025-10-17T16:31:57.471396+00:00", "level": "INFO", "module": "auth", "function": "register", "line": 33, "message": "User registered: inactiveadmin@example.com"}
{"timestamp": "2025-10-17T16:40:03.533294+00:00", "level": "INFO", "module": "auth", "function": "register", "line": 34, "message": "User registered: inactiveadmin@example.com"}
{"timestamp": "2025-10-17T16:55:49.039870+00:00", "level": "INFO", "module": "auth", "function": "register", "line": 33, "message": "User registered: inactiveadmin@example.com"}
{"timestamp": "2025-10-17T17:22:08.955352+00:00", "level": "INFO", "module": "auth", "function": "register", "line": 33, "message": "User registered: inactiveadmin@example.com"}
{"timestamp": "2025-10-17T17:24:32.941762+00:00", "level": "INFO", "module": "auth", "function": "register", "line": 33, "message": "User registered: inactiveadmin@example.com"}
{"timestamp": "2025-10-17T17:39:44.383784+00:00", "level": "INFO", "module": "auth", "function": "register", "line": 33, "message": "User registered: inactiveadmin@example.com"}
{"timestamp": "2025-10-17T17:40:57.313975+00:00", "level": "INFO", "module": "auth", "function": "register", "line": 33, "message": "User registered: inactiveadmin@example.com"}
{"timestamp": "2025-10-17T17:45:49.209557+00:00", "level": "INFO", "module": "auth", "function": "register", "line": 16, "message": "Existing User: None"}
{"timestamp": "2025-10-17T17:45:49.275197+00:00", "level": "INFO", "module": "auth", "function": "register", "line": 35, "message": "User registered: inactiveadmin@example.com"}
{"timestamp": "2025-10-17T18:24:11.509066+00:00", "level": "INFO", "module": "auth", "function": "register", "line": 16, "message": "Existing User: None"}
{"timestamp": "2025-10-17T18:24:11.578125+00:00", "level": "INFO", "module": "auth", "function": "register", "line": 34, "message": "User registered: inactiveadmin@example.com"}
{"timestamp": "2025-10-17T18:27:03.453857+00:00", "level": "INFO", "module": "auth", "function": "register", "line": 21, "message": "Existing User: None"}
{"timestamp": "2025-10-17T18:27:03.525094+00:00", "level": "INFO", "module": "auth", "function": "register", "line": 39, "message": "User registered: inactiveadmin@example.com"}
{"timestamp": "2025-10-17T18:29:47.017792+00:00", "level": "INFO", "module": "07_test_roles_admsys_inactive_cannot_access", "function": "test_admsys_inactive_cannot_access", "line": 50, "message": "Iniciando test: test_admsys_inactive_cannot_access"}
{"timestamp": "2025-10-17T18:29:47.017976+00:00", "level": "INFO", "module": "07_test_roles_admsys_inactive_cannot_access", "function": "create_inactive_admsys_user", "line": 23, "message": "Creando usuario inactivo con rol admsys en la base de datos de pruebas."}
{"timestamp": "2025-10-17T18:29:47.101968+00:00", "level": "INFO", "module": "07_test_roles_admsys_inactive_cannot_access", "function": "create_inactive_admsys_user", "line": 34, "message": "Usuario creado: admin@example.com, activo: False, rol: UserRole.admsys"}
{"timestamp": "2025-10-17T18:29:47.102109+00:00", "level": "INFO", "module": "07_test_roles_admsys_inactive_cannot_access", "function": "generate_token", "line": 38, "message": "Generando token JWT para el usuario admin@example.com con rol UserRole.admsys"}
{"timestamp": "2025-10-17T18:29:47.102935+00:00", "level": "INFO", "module": "07_test_roles_admsys_inactive_cannot_access", "function": "generate_token", "line": 46, "message": "Token generado: eyJhbGciOiJIUzI1NiIsInR5cCI6IkpXVCJ9.eyJzdWIiOiJhZG1pbkBleGFtcGxlLmNvbSIsInJvbGUiOiJhZG1zeXMiLCJleHAiOjE3NjA3Mjc1ODd9.zz3optxXx-Pdq1MCIedqiJkMz3I_dO79zO99NWkoaAY"}
{"timestamp": "2025-10-17T18:29:47.103130+00:00", "level": "INFO", "module": "07_test_roles_admsys_inactive_cannot_access", "function": "test_admsys_inactive_cannot_access", "line": 60, "message": "Intentando acceder al endpoint /auth/register con token de usuario inactivo."}
{"timestamp": "2025-10-17T18:29:47.126258+00:00", "level": "INFO", "module": "auth", "function": "register", "line": 21, "message": "Existing User: None"}
{"timestamp": "2025-10-17T18:29:47.194035+00:00", "level": "INFO", "module": "auth", "function": "register", "line": 39, "message": "User registered: inactiveadmin@example.com"}
{"timestamp": "2025-10-17T18:29:47.197603+00:00", "level": "INFO", "module": "07_test_roles_admsys_inactive_cannot_access", "function": "test_admsys_inactive_cannot_access", "line": 74, "message": "Respuesta recibida: status_code=200, body={'username': 'inactiveadmin', 'email': 'inactiveadmin@example.com', 'first_name': 'Inactive', 'last_name': 'Admin', 'id': 2, 'is_active': True, 'is_staff': False, 'is_superuser': False, 'role': 'opera'}"}
{"timestamp": "2025-10-17T18:33:05.016005+00:00", "level": "INFO", "module": "07_test_roles_admsys_inactive_cannot_access", "function": "test_admsys_inactive_cannot_access", "line": 50, "message": "Iniciando test: test_admsys_inactive_cannot_access"}
{"timestamp": "2025-10-17T18:33:05.016377+00:00", "level": "INFO", "module": "07_test_roles_admsys_inactive_cannot_access", "function": "create_inactive_admsys_user", "line": 23, "message": "Creando usuario inactivo con rol admsys en la base de datos de pruebas."}
{"timestamp": "2025-10-17T18:33:05.093855+00:00", "level": "INFO", "module": "07_test_roles_admsys_inactive_cannot_access", "function": "create_inactive_admsys_user", "line": 34, "message": "Usuario creado: admin@example.com, activo: False, rol: UserRole.admsys"}
{"timestamp": "2025-10-17T18:33:05.093942+00:00", "level": "INFO", "module": "07_test_roles_admsys_inactive_cannot_access", "function": "generate_token", "line": 38, "message": "Generando token JWT para el usuario admin@example.com con rol UserRole.admsys"}
{"timestamp": "2025-10-17T18:33:05.094516+00:00", "level": "INFO", "module": "07_test_roles_admsys_inactive_cannot_access", "function": "generate_token", "line": 46, "message": "Token generado: eyJhbGciOiJIUzI1NiIsInR5cCI6IkpXVCJ9.eyJzdWIiOiJhZG1pbkBleGFtcGxlLmNvbSIsInJvbGUiOiJhZG1zeXMiLCJleHAiOjE3NjA3Mjc3ODV9.0IDMbPk4qp7X2Wc_t0S_SU54DIu5bEjK6jfDjPsW1kI"}
{"timestamp": "2025-10-17T18:33:05.094569+00:00", "level": "INFO", "module": "07_test_roles_admsys_inactive_cannot_access", "function": "test_admsys_inactive_cannot_access", "line": 60, "message": "Intentando acceder al endpoint /auth/register con token de usuario inactivo."}
{"timestamp": "2025-10-17T18:33:05.114082+00:00", "level": "INFO", "module": "auth", "function": "register", "line": 20, "message": "Existing User: None"}
{"timestamp": "2025-10-17T18:33:05.180983+00:00", "level": "INFO", "module": "auth", "function": "register", "line": 38, "message": "User registered: inactiveadmin@example.com"}
{"timestamp": "2025-10-17T18:33:05.184190+00:00", "level": "INFO", "module": "07_test_roles_admsys_inactive_cannot_access", "function": "test_admsys_inactive_cannot_access", "line": 74, "message": "Respuesta recibida: status_code=200, body={'username': 'inactiveadmin', 'email': 'inactiveadmin@example.com', 'first_name': 'Inactive', 'last_name': 'Admin', 'id': 2, 'is_active': True, 'is_staff': False, 'is_superuser': False, 'role': 'opera'}"}
{"timestamp": "2025-10-17T18:34:22.367924+00:00", "level": "INFO", "module": "auth", "function": "register", "line": 20, "message": "Existing User: None"}
{"timestamp": "2025-10-17T18:34:22.434432+00:00", "level": "INFO", "module": "auth", "function": "register", "line": 38, "message": "User registered: newuser@example.com"}
{"timestamp": "2025-10-17T18:34:23.257873+00:00", "level": "INFO", "module": "auth", "function": "register", "line": 20, "message": "Existing User: None"}
{"timestamp": "2025-10-17T18:34:23.321600+00:00", "level": "INFO", "module": "auth", "function": "register", "line": 38, "message": "User registered: duplicate@example.com"}
{"timestamp": "2025-10-17T18:34:23.327454+00:00", "level": "INFO", "module": "auth", "function": "register", "line": 20, "message": "Existing User: <models.user.User object at 0x7fe391bef5c0>"}
{"timestamp": "2025-10-17T18:34:23.327528+00:00", "level": "INFO", "module": "auth", "function": "register", "line": 22, "message": "Attempt to register existing email: duplicate@example.com"}
{"timestamp": "2025-10-17T18:34:24.156920+00:00", "level": "INFO", "module": "auth", "function": "register", "line": 20, "message": "Existing User: None"}
{"timestamp": "2025-10-17T18:34:24.221625+00:00", "level": "INFO", "module": "auth", "function": "register", "line": 38, "message": "User registered: loginuser@example.com"}
{"timestamp": "2025-10-17T18:34:24.282565+00:00", "level": "INFO", "module": "auth", "function": "login", "line": 57, "message": "User logged in: loginuser@example.com"}
{"timestamp": "2025-10-17T18:34:25.033381+00:00", "level": "WARNING", "module": "auth", "function": "login", "line": 53, "message": "Login failed for nonexistent@example.com"}
{"timestamp": "2025-10-17T18:34:26.580495+00:00", "level": "INFO", "module": "auth", "function": "register", "line": 20, "message": "Existing User: None"}
{"timestamp": "2025-10-17T18:34:26.644885+00:00", "level": "INFO", "module": "auth", "function": "register", "line": 38, "message": "User registered: adminuser@example.com"}
{"timestamp": "2025-10-17T18:34:27.376563+00:00", "level": "INFO", "module": "07_test_roles_admsys_inactive_cannot_access", "function": "test_admsys_inactive_cannot_access", "line": 50, "message": "Iniciando test: test_admsys_inactive_cannot_access"}
{"timestamp": "2025-10-17T18:34:27.376711+00:00", "level": "INFO", "module": "07_test_roles_admsys_inactive_cannot_access", "function": "create_inactive_admsys_user", "line": 23, "message": "Creando usuario inactivo con rol admsys en la base de datos de pruebas."}
{"timestamp": "2025-10-17T18:34:27.447756+00:00", "level": "INFO", "module": "07_test_roles_admsys_inactive_cannot_access", "function": "create_inactive_admsys_user", "line": 34, "message": "Usuario creado: admin@example.com, activo: False, rol: UserRole.admsys"}
{"timestamp": "2025-10-17T18:34:27.447844+00:00", "level": "INFO", "module": "07_test_roles_admsys_inactive_cannot_access", "function": "generate_token", "line": 38, "message": "Generando token JWT para el usuario admin@example.com con rol UserRole.admsys"}
{"timestamp": "2025-10-17T18:34:27.447990+00:00", "level": "INFO", "module": "07_test_roles_admsys_inactive_cannot_access", "function": "generate_token", "line": 46, "message": "Token generado: eyJhbGciOiJIUzI1NiIsInR5cCI6IkpXVCJ9.eyJzdWIiOiJhZG1pbkBleGFtcGxlLmNvbSIsInJvbGUiOiJhZG1zeXMiLCJleHAiOjE3NjA3Mjc4Njd9.AuuHZio8YlMoD0z0AxAYgXhQnYEUyl9RHQlP86q4DBo"}
{"timestamp": "2025-10-17T18:34:27.448027+00:00", "level": "INFO", "module": "07_test_roles_admsys_inactive_cannot_access", "function": "test_admsys_inactive_cannot_access", "line": 60, "message": "Intentando acceder al endpoint /auth/register con token de usuario inactivo."}
{"timestamp": "2025-10-17T18:34:27.462604+00:00", "level": "INFO", "module": "auth", "function": "register", "line": 20, "message": "Existing User: None"}
{"timestamp": "2025-10-17T18:34:27.531564+00:00", "level": "INFO", "module": "auth", "function": "register", "line": 38, "message": "User registered: inactiveadmin@example.com"}
{"timestamp": "2025-10-17T18:34:27.533553+00:00", "level": "INFO", "module": "07_test_roles_admsys_inactive_cannot_access", "function": "test_admsys_inactive_cannot_access", "line": 74, "message": "Respuesta recibida: status_code=200, body={'username': 'inactiveadmin', 'email': 'inactiveadmin@example.com', 'first_name': 'Inactive', 'last_name': 'Admin', 'id': 2, 'is_active': True, 'is_staff': False, 'is_superuser': False, 'role': 'opera'}"}
{"timestamp": "2025-10-17T18:37:45.044834+00:00", "level": "INFO", "module": "07_test_roles_admsys_inactive_cannot_access", "function": "test_admsys_active_can_register_user", "line": 50, "message": "Iniciando test: test_admsys_active_can_register_user"}
{"timestamp": "2025-10-17T18:37:45.045310+00:00", "level": "INFO", "module": "07_test_roles_admsys_inactive_cannot_access", "function": "create_active_admsys_user", "line": 23, "message": "Creando usuario activo con rol admsys en la base de datos de pruebas."}
{"timestamp": "2025-10-17T18:37:45.127510+00:00", "level": "INFO", "module": "07_test_roles_admsys_inactive_cannot_access", "function": "create_active_admsys_user", "line": 34, "message": "Usuario creado: adminactive@example.com, activo: True, rol: UserRole.admsys"}
{"timestamp": "2025-10-17T18:37:45.127593+00:00", "level": "INFO", "module": "07_test_roles_admsys_inactive_cannot_access", "function": "generate_token", "line": 38, "message": "Generando token JWT para el usuario adminactive@example.com con rol UserRole.admsys"}
{"timestamp": "2025-10-17T18:37:45.128295+00:00", "level": "INFO", "module": "07_test_roles_admsys_inactive_cannot_access", "function": "generate_token", "line": 46, "message": "Token generado: eyJhbGciOiJIUzI1NiIsInR5cCI6IkpXVCJ9.eyJzdWIiOiJhZG1pbmFjdGl2ZUBleGFtcGxlLmNvbSIsInJvbGUiOiJhZG1zeXMiLCJleHAiOjE3NjA3MjgwNjV9.PwHH919GFpOBn0t2Q5_z43GuBvc4YHwZBpMQdNEkerM"}
{"timestamp": "2025-10-17T18:37:45.128357+00:00", "level": "INFO", "module": "07_test_roles_admsys_inactive_cannot_access", "function": "test_admsys_active_can_register_user", "line": 60, "message": "Intentando registrar usuario con token de admsys activo."}
{"timestamp": "2025-10-17T18:37:45.146015+00:00", "level": "INFO", "module": "auth", "function": "register", "line": 20, "message": "Existing User: None"}
{"timestamp": "2025-10-17T18:37:45.211301+00:00", "level": "INFO", "module": "auth", "function": "register", "line": 38, "message": "User registered: newuser@example.com"}
{"timestamp": "2025-10-17T18:37:45.214057+00:00", "level": "INFO", "module": "07_test_roles_admsys_inactive_cannot_access", "function": "test_admsys_active_can_register_user", "line": 74, "message": "Respuesta recibida: status_code=200, body={'username': 'newuser', 'email': 'newuser@example.com', 'first_name': 'New', 'last_name': 'User', 'id': 2, 'is_active': True, 'is_staff': False, 'is_superuser': False, 'role': 'opera'}"}
{"timestamp": "2025-10-17T18:37:45.214139+00:00", "level": "INFO", "module": "07_test_roles_admsys_inactive_cannot_access", "function": "test_admsys_active_can_register_user", "line": 78, "message": "Test finalizado correctamente: usuario registrado por admsys activo."}
{"timestamp": "2025-10-17T18:38:54.099065+00:00", "level": "INFO", "module": "07_test_roles_admsys_inactive_cannot_access", "function": "test_admsys_active_can_register_user", "line": 50, "message": "Iniciando test: test_admsys_active_can_register_user"}
{"timestamp": "2025-10-17T18:38:54.099246+00:00", "level": "INFO", "module": "07_test_roles_admsys_inactive_cannot_access", "function": "create_active_admsys_user", "line": 23, "message": "Creando usuario activo con rol admsys en la base de datos de pruebas."}
{"timestamp": "2025-10-17T18:38:54.180648+00:00", "level": "INFO", "module": "07_test_roles_admsys_inactive_cannot_access", "function": "create_active_admsys_user", "line": 34, "message": "Usuario creado: adminactive@example.com, activo: True, rol: UserRole.admsys"}
{"timestamp": "2025-10-17T18:38:54.180768+00:00", "level": "INFO", "module": "07_test_roles_admsys_inactive_cannot_access", "function": "generate_token", "line": 38, "message": "Generando token JWT para el usuario adminactive@example.com con rol UserRole.admsys"}
{"timestamp": "2025-10-17T18:38:54.181605+00:00", "level": "INFO", "module": "07_test_roles_admsys_inactive_cannot_access", "function": "generate_token", "line": 46, "message": "Token generado: eyJhbGciOiJIUzI1NiIsInR5cCI6IkpXVCJ9.eyJzdWIiOiJhZG1pbmFjdGl2ZUBleGFtcGxlLmNvbSIsInJvbGUiOiJhZG1zeXMiLCJleHAiOjE3NjA3MjgxMzR9.YeQoKnzqm9EbWp6OOOudvcoq_nMQPN96eXgBk6WQknY"}
{"timestamp": "2025-10-17T18:38:54.181719+00:00", "level": "INFO", "module": "07_test_roles_admsys_inactive_cannot_access", "function": "test_admsys_active_can_register_user", "line": 60, "message": "Intentando registrar usuario con token de admsys activo."}
{"timestamp": "2025-10-17T18:38:54.200772+00:00", "level": "INFO", "module": "auth", "function": "register", "line": 20, "message": "Existing User: None"}
{"timestamp": "2025-10-17T18:38:54.267633+00:00", "level": "INFO", "module": "auth", "function": "register", "line": 38, "message": "User registered: newuser@example.com"}
{"timestamp": "2025-10-17T18:38:54.271176+00:00", "level": "INFO", "module": "07_test_roles_admsys_inactive_cannot_access", "function": "test_admsys_active_can_register_user", "line": 74, "message": "Respuesta recibida: status_code=200, body={'username': 'newuser', 'email': 'newuser@example.com', 'first_name': 'New', 'last_name': 'User', 'id': 2, 'is_active': True, 'is_staff': False, 'is_superuser': False, 'role': 'opera'}"}
{"timestamp": "2025-10-17T18:38:54.271307+00:00", "level": "INFO", "module": "07_test_roles_admsys_inactive_cannot_access", "function": "test_admsys_active_can_register_user", "line": 78, "message": "Test finalizado correctamente: usuario registrado por admsys activo."}
{"timestamp": "2025-10-17T18:44:57.674253+00:00", "level": "INFO", "module": "07_test_roles_admsys_inactive_cannot_access", "function": "test_admsys_active_can_register_user", "line": 50, "message": "Iniciando test: test_admsys_active_can_register_user"}
{"timestamp": "2025-10-17T18:44:57.674626+00:00", "level": "INFO", "module": "07_test_roles_admsys_inactive_cannot_access", "function": "create_active_admsys_user", "line": 23, "message": "Creando usuario activo con rol admsys en la base de datos de pruebas."}
{"timestamp": "2025-10-17T18:44:57.760891+00:00", "level": "INFO", "module": "07_test_roles_admsys_inactive_cannot_access", "function": "create_active_admsys_user", "line": 34, "message": "Usuario creado: adminactive@example.com, activo: False, rol: UserRole.admsys"}
{"timestamp": "2025-10-17T18:44:57.760984+00:00", "level": "INFO", "module": "07_test_roles_admsys_inactive_cannot_access", "function": "generate_token", "line": 38, "message": "Generando token JWT para el usuario adminactive@example.com con rol UserRole.admsys"}
{"timestamp": "2025-10-17T18:44:57.761654+00:00", "level": "INFO", "module": "07_test_roles_admsys_inactive_cannot_access", "function": "generate_token", "line": 46, "message": "Token generado: eyJhbGciOiJIUzI1NiIsInR5cCI6IkpXVCJ9.eyJzdWIiOiJhZG1pbmFjdGl2ZUBleGFtcGxlLmNvbSIsInJvbGUiOiJhZG1zeXMiLCJleHAiOjE3NjA3Mjg0OTd9.6eNjbeO72jUESJ2YUKMkqttkf9MmHTHIPXYt3qcKifg"}
{"timestamp": "2025-10-17T18:44:57.761742+00:00", "level": "INFO", "module": "07_test_roles_admsys_inactive_cannot_access", "function": "test_admsys_active_can_register_user", "line": 60, "message": "Intentando registrar usuario con token de admsys activo."}
{"timestamp": "2025-10-17T18:44:57.780624+00:00", "level": "INFO", "module": "auth", "function": "register", "line": 20, "message": "Existing User: None"}
{"timestamp": "2025-10-17T18:44:57.848727+00:00", "level": "INFO", "module": "auth", "function": "register", "line": 38, "message": "User registered: newuser@example.com"}
{"timestamp": "2025-10-17T18:44:57.852381+00:00", "level": "INFO", "module": "07_test_roles_admsys_inactive_cannot_access", "function": "test_admsys_active_can_register_user", "line": 74, "message": "Respuesta recibida: status_code=200, body={'username': 'newuser', 'email': 'newuser@example.com', 'first_name': 'New', 'last_name': 'User', 'id': 2, 'is_active': True, 'is_staff': False, 'is_superuser': False, 'role': 'opera'}"}
{"timestamp": "2025-10-17T18:44:57.852500+00:00", "level": "INFO", "module": "07_test_roles_admsys_inactive_cannot_access", "function": "test_admsys_active_can_register_user", "line": 78, "message": "Test finalizado correctamente: usuario registrado por admsys activo."}
{"timestamp": "2025-10-17T18:46:21.897010+00:00", "level": "INFO", "module": "07_test_roles_admsys_inactive_cannot_access", "function": "test_admsys_active_can_register_user", "line": 50, "message": "Iniciando test: test_admsys_active_can_register_user"}
{"timestamp": "2025-10-17T18:46:21.897567+00:00", "level": "INFO", "module": "07_test_roles_admsys_inactive_cannot_access", "function": "create_active_admsys_user", "line": 23, "message": "Creando usuario activo con rol admsys en la base de datos de pruebas."}
{"timestamp": "2025-10-17T18:46:21.984815+00:00", "level": "INFO", "module": "07_test_roles_admsys_inactive_cannot_access", "function": "create_active_admsys_user", "line": 34, "message": "Usuario creado: adminactive@example.com, activo: False, rol: UserRole.admsys"}
{"timestamp": "2025-10-17T18:46:21.984907+00:00", "level": "INFO", "module": "07_test_roles_admsys_inactive_cannot_access", "function": "generate_token", "line": 38, "message": "Generando token JWT para el usuario adminactive@example.com con rol UserRole.admsys"}
{"timestamp": "2025-10-17T18:46:21.985485+00:00", "level": "INFO", "module": "07_test_roles_admsys_inactive_cannot_access", "function": "generate_token", "line": 46, "message": "Token generado: eyJhbGciOiJIUzI1NiIsInR5cCI6IkpXVCJ9.eyJzdWIiOiJhZG1pbmFjdGl2ZUBleGFtcGxlLmNvbSIsInJvbGUiOiJhZG1zeXMiLCJleHAiOjE3NjA3Mjg1ODF9.MoYI1URSCkJRZAc0HJ5yhGgr5ykH-nyHhZlZ9xxsmAk"}
{"timestamp": "2025-10-17T18:46:21.985548+00:00", "level": "INFO", "module": "07_test_roles_admsys_inactive_cannot_access", "function": "test_admsys_active_can_register_user", "line": 60, "message": "Intentando registrar usuario con token de admsys activo."}
{"timestamp": "2025-10-17T18:46:22.004625+00:00", "level": "INFO", "module": "auth", "function": "register", "line": 20, "message": "Existing User: None"}
{"timestamp": "2025-10-17T18:46:22.075827+00:00", "level": "INFO", "module": "auth", "function": "register", "line": 38, "message": "User registered: newuser@example.com"}
{"timestamp": "2025-10-17T18:46:22.079138+00:00", "level": "INFO", "module": "07_test_roles_admsys_inactive_cannot_access", "function": "test_admsys_active_can_register_user", "line": 74, "message": "Respuesta recibida: status_code=200, body={'username': 'newuser', 'email': 'newuser@example.com', 'first_name': 'New', 'last_name': 'User', 'id': 2, 'is_active': True, 'is_staff': False, 'is_superuser': False, 'role': 'opera'}"}
{"timestamp": "2025-10-17T18:46:22.079264+00:00", "level": "INFO", "module": "07_test_roles_admsys_inactive_cannot_access", "function": "test_admsys_active_can_register_user", "line": 78, "message": "Test finalizado correctamente: usuario registrado por admsys activo."}
{"timestamp": "2025-10-17T18:46:36.387435+00:00", "level": "INFO", "module": "auth", "function": "register", "line": 20, "message": "Existing User: None"}
{"timestamp": "2025-10-17T18:46:36.464819+00:00", "level": "INFO", "module": "auth", "function": "register", "line": 38, "message": "User registered: newuser@example.com"}
{"timestamp": "2025-10-17T18:46:37.302784+00:00", "level": "INFO", "module": "auth", "function": "register", "line": 20, "message": "Existing User: None"}
{"timestamp": "2025-10-17T18:46:37.367608+00:00", "level": "INFO", "module": "auth", "function": "register", "line": 38, "message": "User registered: duplicate@example.com"}
{"timestamp": "2025-10-17T18:46:37.372552+00:00", "level": "INFO", "module": "auth", "function": "register", "line": 20, "message": "Existing User: <models.user.User object at 0x7f0a50a67320>"}
{"timestamp": "2025-10-17T18:46:37.372621+00:00", "level": "INFO", "module": "auth", "function": "register", "line": 22, "message": "Attempt to register existing email: duplicate@example.com"}
{"timestamp": "2025-10-17T18:46:38.198753+00:00", "level": "INFO", "module": "auth", "function": "register", "line": 20, "message": "Existing User: None"}
{"timestamp": "2025-10-17T18:46:38.262416+00:00", "level": "INFO", "module": "auth", "function": "register", "line": 38, "message": "User registered: loginuser@example.com"}
{"timestamp": "2025-10-17T18:46:38.322865+00:00", "level": "INFO", "module": "auth", "function": "login", "line": 57, "message": "User logged in: loginuser@example.com"}
{"timestamp": "2025-10-17T18:46:39.076406+00:00", "level": "WARNING", "module": "auth", "function": "login", "line": 53, "message": "Login failed for nonexistent@example.com"}
{"timestamp": "2025-10-17T18:46:40.636361+00:00", "level": "INFO", "module": "auth", "function": "register", "line": 20, "message": "Existing User: None"}
{"timestamp": "2025-10-17T18:46:40.709171+00:00", "level": "INFO", "module": "auth", "function": "register", "line": 38, "message": "User registered: adminuser@example.com"}
{"timestamp": "2025-10-17T18:46:41.462288+00:00", "level": "INFO", "module": "07_test_roles_admsys_inactive_cannot_access", "function": "test_admsys_active_can_register_user", "line": 50, "message": "Iniciando test: test_admsys_active_can_register_user"}
{"timestamp": "2025-10-17T18:46:41.462416+00:00", "level": "INFO", "module": "07_test_roles_admsys_inactive_cannot_access", "function": "create_active_admsys_user", "line": 23, "message": "Creando usuario activo con rol admsys en la base de datos de pruebas."}
{"timestamp": "2025-10-17T18:46:41.540380+00:00", "level": "INFO", "module": "07_test_roles_admsys_inactive_cannot_access", "function": "create_active_admsys_user", "line": 34, "message": "Usuario creado: adminactive@example.com, activo: False, rol: UserRole.admsys"}
{"timestamp": "2025-10-17T18:46:41.540464+00:00", "level": "INFO", "module": "07_test_roles_admsys_inactive_cannot_access", "function": "generate_token", "line": 38, "message": "Generando token JWT para el usuario adminactive@example.com con rol UserRole.admsys"}
{"timestamp": "2025-10-17T18:46:41.540603+00:00", "level": "INFO", "module": "07_test_roles_admsys_inactive_cannot_access", "function": "generate_token", "line": 46, "message": "Token generado: eyJhbGciOiJIUzI1NiIsInR5cCI6IkpXVCJ9.eyJzdWIiOiJhZG1pbmFjdGl2ZUBleGFtcGxlLmNvbSIsInJvbGUiOiJhZG1zeXMiLCJleHAiOjE3NjA3Mjg2MDF9.1QWtxmwvec1HzeJOYAVeXM3JkOkf7TNfclIqvYSF_2o"}
{"timestamp": "2025-10-17T18:46:41.540637+00:00", "level": "INFO", "module": "07_test_roles_admsys_inactive_cannot_access", "function": "test_admsys_active_can_register_user", "line": 60, "message": "Intentando registrar usuario con token de admsys activo."}
{"timestamp": "2025-10-17T18:46:41.555203+00:00", "level": "INFO", "module": "auth", "function": "register", "line": 20, "message": "Existing User: None"}
{"timestamp": "2025-10-17T18:46:41.619701+00:00", "level": "INFO", "module": "auth", "function": "register", "line": 38, "message": "User registered: newuser@example.com"}
{"timestamp": "2025-10-17T18:46:41.621601+00:00", "level": "INFO", "module": "07_test_roles_admsys_inactive_cannot_access", "function": "test_admsys_active_can_register_user", "line": 74, "message": "Respuesta recibida: status_code=200, body={'username': 'newuser', 'email': 'newuser@example.com', 'first_name': 'New', 'last_name': 'User', 'id': 2, 'is_active': True, 'is_staff': False, 'is_superuser': False, 'role': 'opera'}"}
{"timestamp": "2025-10-17T18:46:41.621680+00:00", "level": "INFO", "module": "07_test_roles_admsys_inactive_cannot_access", "function": "test_admsys_active_can_register_user", "line": 78, "message": "Test finalizado correctamente: usuario registrado por admsys activo."}
{"timestamp": "2025-10-17T20:01:56.527625+00:00", "level": "INFO", "module": "auth", "function": "register", "line": 20, "message": "Existing User: None"}
{"timestamp": "2025-10-17T20:01:56.594648+00:00", "level": "INFO", "module": "auth", "function": "register", "line": 38, "message": "User registered: newuser@example.com"}
{"timestamp": "2025-10-17T20:01:57.482154+00:00", "level": "INFO", "module": "auth", "function": "register", "line": 20, "message": "Existing User: None"}
{"timestamp": "2025-10-17T20:01:57.547738+00:00", "level": "INFO", "module": "auth", "function": "register", "line": 38, "message": "User registered: duplicate@example.com"}
{"timestamp": "2025-10-17T20:01:57.552982+00:00", "level": "INFO", "module": "auth", "function": "register", "line": 20, "message": "Existing User: <models.user.User object at 0x7f3694647350>"}
{"timestamp": "2025-10-17T20:01:57.553117+00:00", "level": "INFO", "module": "auth", "function": "register", "line": 22, "message": "Attempt to register existing email: duplicate@example.com"}
{"timestamp": "2025-10-17T20:01:58.379791+00:00", "level": "INFO", "module": "auth", "function": "register", "line": 20, "message": "Existing User: None"}
{"timestamp": "2025-10-17T20:01:58.445176+00:00", "level": "INFO", "module": "auth", "function": "register", "line": 38, "message": "User registered: loginuser@example.com"}
{"timestamp": "2025-10-17T20:01:58.506404+00:00", "level": "INFO", "module": "auth", "function": "login", "line": 57, "message": "User logged in: loginuser@example.com"}
{"timestamp": "2025-10-17T20:01:59.273904+00:00", "level": "WARNING", "module": "auth", "function": "login", "line": 53, "message": "Login failed for nonexistent@example.com"}
{"timestamp": "2025-10-17T20:02:00.848094+00:00", "level": "INFO", "module": "auth", "function": "register", "line": 20, "message": "Existing User: None"}
{"timestamp": "2025-10-17T20:02:00.922620+00:00", "level": "INFO", "module": "auth", "function": "register", "line": 38, "message": "User registered: adminuser@example.com"}
{"timestamp": "2025-10-17T20:02:01.664294+00:00", "level": "INFO", "module": "07_test_roles_admsys_inactive_cannot_access", "function": "test_admsys_active_can_register_user", "line": 50, "message": "Iniciando test: test_admsys_active_can_register_user"}
{"timestamp": "2025-10-17T20:02:01.664420+00:00", "level": "INFO", "module": "07_test_roles_admsys_inactive_cannot_access", "function": "create_active_admsys_user", "line": 23, "message": "Creando usuario activo con rol admsys en la base de datos de pruebas."}
{"timestamp": "2025-10-17T20:02:01.736041+00:00", "level": "INFO", "module": "07_test_roles_admsys_inactive_cannot_access", "function": "create_active_admsys_user", "line": 34, "message": "Usuario creado: adminactive@example.com, activo: False, rol: UserRole.admsys"}
{"timestamp": "2025-10-17T20:02:01.736132+00:00", "level": "INFO", "module": "07_test_roles_admsys_inactive_cannot_access", "function": "generate_token", "line": 38, "message": "Generando token JWT para el usuario adminactive@example.com con rol UserRole.admsys"}
{"timestamp": "2025-10-17T20:02:01.736283+00:00", "level": "INFO", "module": "07_test_roles_admsys_inactive_cannot_access", "function": "generate_token", "line": 46, "message": "Token generado: eyJhbGciOiJIUzI1NiIsInR5cCI6IkpXVCJ9.eyJzdWIiOiJhZG1pbmFjdGl2ZUBleGFtcGxlLmNvbSIsInJvbGUiOiJhZG1zeXMiLCJleHAiOjE3NjA3MzMxMjF9.5Kaw8qaDl296mHur5Amr5K0Sd5u_LdQuXpvrDqmZe0Q"}
{"timestamp": "2025-10-17T20:02:01.736319+00:00", "level": "INFO", "module": "07_test_roles_admsys_inactive_cannot_access", "function": "test_admsys_active_can_register_user", "line": 60, "message": "Intentando registrar usuario con token de admsys activo."}
{"timestamp": "2025-10-17T20:02:01.751024+00:00", "level": "INFO", "module": "auth", "function": "register", "line": 20, "message": "Existing User: None"}
{"timestamp": "2025-10-17T20:02:01.815369+00:00", "level": "INFO", "module": "auth", "function": "register", "line": 38, "message": "User registered: newuser@example.com"}
{"timestamp": "2025-10-17T20:02:01.817428+00:00", "level": "INFO", "module": "07_test_roles_admsys_inactive_cannot_access", "function": "test_admsys_active_can_register_user", "line": 74, "message": "Respuesta recibida: status_code=200, body={'username': 'newuser', 'email': 'newuser@example.com', 'first_name': 'New', 'last_name': 'User', 'id': 2, 'is_active': True, 'is_staff': False, 'is_superuser': False, 'role': 'opera'}"}
{"timestamp": "2025-10-17T20:02:01.817510+00:00", "level": "INFO", "module": "07_test_roles_admsys_inactive_cannot_access", "function": "test_admsys_active_can_register_user", "line": 78, "message": "Test finalizado correctamente: usuario registrado por admsys activo."}
